{"/Users/toan/study/album-backend/index.js": {"path":"/Users/toan/study/album-backend/index.js","statementMap":{"0":{"start":{"line":1,"column":0},"end":{"line":1,"column":32}},"1":{"start":{"line":2,"column":16},"end":{"line":2,"column":34}},"2":{"start":{"line":3,"column":19},"end":{"line":3,"column":41}},"3":{"start":{"line":4,"column":13},"end":{"line":4,"column":28}},"4":{"start":{"line":5,"column":15},"end":{"line":5,"column":32}},"5":{"start":{"line":6,"column":14},"end":{"line":6,"column":43}},"6":{"start":{"line":9,"column":12},"end":{"line":9,"column":21}},"7":{"start":{"line":10,"column":0},"end":{"line":10,"column":27}},"8":{"start":{"line":14,"column":0},"end":{"line":14,"column":16}},"9":{"start":{"line":15,"column":0},"end":{"line":15,"column":27}},"10":{"start":{"line":16,"column":0},"end":{"line":16,"column":26}},"11":{"start":{"line":17,"column":0},"end":{"line":17,"column":33}},"12":{"start":{"line":19,"column":0},"end":{"line":19,"column":15}},"13":{"start":{"line":22,"column":13},"end":{"line":22,"column":37}},"14":{"start":{"line":23,"column":15},"end":{"line":23,"column":31}},"15":{"start":{"line":25,"column":0},"end":{"line":25,"column":24}}},"fnMap":{},"branchMap":{"0":{"loc":{"start":{"line":22,"column":13},"end":{"line":22,"column":37}},"type":"binary-expr","locations":[{"start":{"line":22,"column":13},"end":{"line":22,"column":29}},{"start":{"line":22,"column":33},"end":{"line":22,"column":37}}],"line":22}},"s":{"0":2,"1":2,"2":2,"3":2,"4":2,"5":2,"6":2,"7":2,"8":2,"9":2,"10":2,"11":2,"12":2,"13":2,"14":2,"15":2},"f":{},"b":{"0":[2,2]},"_coverageSchema":"1a1c01bbd47fc00a2c39e90264f33305004495a9","hash":"f88d6baab18bd0e91eacf22aa839a678671901ec"}
,"/Users/toan/study/album-backend/middleware/error.js": {"path":"/Users/toan/study/album-backend/middleware/error.js","statementMap":{"0":{"start":{"line":1,"column":16},"end":{"line":1,"column":34}},"1":{"start":{"line":3,"column":0},"end":{"line":8,"column":1}},"2":{"start":{"line":4,"column":4},"end":{"line":4,"column":35}},"3":{"start":{"line":6,"column":4},"end":{"line":6,"column":50}},"4":{"start":{"line":7,"column":4},"end":{"line":7,"column":11}}},"fnMap":{"0":{"name":"(anonymous_0)","decl":{"start":{"line":3,"column":17},"end":{"line":3,"column":18}},"loc":{"start":{"line":3,"column":48},"end":{"line":8,"column":1}},"line":3}},"branchMap":{},"s":{"0":3,"1":3,"2":2,"3":2,"4":2},"f":{"0":2},"b":{},"_coverageSchema":"1a1c01bbd47fc00a2c39e90264f33305004495a9","hash":"a23ba1f58e2b99ec1264c97d7199bd112e1db25f"}
,"/Users/toan/study/album-backend/models/photos.js": {"path":"/Users/toan/study/album-backend/models/photos.js","statementMap":{"0":{"start":{"line":1,"column":17},"end":{"line":1,"column":36}},"1":{"start":{"line":2,"column":12},"end":{"line":2,"column":26}},"2":{"start":{"line":4,"column":21},"end":{"line":24,"column":2}},"3":{"start":{"line":28,"column":8},"end":{"line":28,"column":70}},"4":{"start":{"line":32,"column":8},"end":{"line":32,"column":26}},"5":{"start":{"line":33,"column":8},"end":{"line":37,"column":10}},"6":{"start":{"line":41,"column":8},"end":{"line":41,"column":87}},"7":{"start":{"line":45,"column":8},"end":{"line":45,"column":77}},"8":{"start":{"line":49,"column":8},"end":{"line":49,"column":45}},"9":{"start":{"line":53,"column":20},"end":{"line":53,"column":35}},"10":{"start":{"line":54,"column":23},"end":{"line":54,"column":64}},"11":{"start":{"line":55,"column":8},"end":{"line":57,"column":26}},"12":{"start":{"line":61,"column":25},"end":{"line":61,"column":48}},"13":{"start":{"line":62,"column":8},"end":{"line":66,"column":9}},"14":{"start":{"line":63,"column":12},"end":{"line":63,"column":70}},"15":{"start":{"line":65,"column":12},"end":{"line":65,"column":32}},"16":{"start":{"line":70,"column":0},"end":{"line":70,"column":34}},"17":{"start":{"line":72,"column":14},"end":{"line":72,"column":50}},"18":{"start":{"line":74,"column":0},"end":{"line":74,"column":23}}},"fnMap":{"0":{"name":"(anonymous_0)","decl":{"start":{"line":27,"column":4},"end":{"line":27,"column":5}},"loc":{"start":{"line":27,"column":41},"end":{"line":29,"column":5}},"line":27},"1":{"name":"(anonymous_1)","decl":{"start":{"line":31,"column":4},"end":{"line":31,"column":5}},"loc":{"start":{"line":31,"column":19},"end":{"line":38,"column":5}},"line":31},"2":{"name":"(anonymous_2)","decl":{"start":{"line":40,"column":4},"end":{"line":40,"column":5}},"loc":{"start":{"line":40,"column":37},"end":{"line":42,"column":5}},"line":40},"3":{"name":"(anonymous_3)","decl":{"start":{"line":44,"column":4},"end":{"line":44,"column":5}},"loc":{"start":{"line":44,"column":21},"end":{"line":46,"column":5}},"line":44},"4":{"name":"(anonymous_4)","decl":{"start":{"line":48,"column":4},"end":{"line":48,"column":5}},"loc":{"start":{"line":48,"column":22},"end":{"line":50,"column":5}},"line":48},"5":{"name":"(anonymous_5)","decl":{"start":{"line":52,"column":4},"end":{"line":52,"column":5}},"loc":{"start":{"line":52,"column":43},"end":{"line":58,"column":5}},"line":52},"6":{"name":"(anonymous_6)","decl":{"start":{"line":60,"column":4},"end":{"line":60,"column":5}},"loc":{"start":{"line":60,"column":56},"end":{"line":67,"column":5}},"line":60}},"branchMap":{"0":{"loc":{"start":{"line":62,"column":8},"end":{"line":66,"column":9}},"type":"if","locations":[{"start":{"line":62,"column":8},"end":{"line":66,"column":9}},{"start":{"line":62,"column":8},"end":{"line":66,"column":9}}],"line":62}},"s":{"0":4,"1":4,"2":4,"3":11,"4":22,"5":22,"6":1,"7":26,"8":1,"9":21,"10":21,"11":21,"12":23,"13":23,"14":1,"15":22,"16":4,"17":4,"18":4},"f":{"0":11,"1":22,"2":1,"3":26,"4":1,"5":21,"6":23},"b":{"0":[1,22]},"_coverageSchema":"1a1c01bbd47fc00a2c39e90264f33305004495a9","hash":"e907c517701fdbe81102910e1dd685df4a5d5be5"}
,"/Users/toan/study/album-backend/routes/health.js": {"path":"/Users/toan/study/album-backend/routes/health.js","statementMap":{"0":{"start":{"line":1,"column":16},"end":{"line":1,"column":34}},"1":{"start":{"line":2,"column":15},"end":{"line":2,"column":31}},"2":{"start":{"line":4,"column":0},"end":{"line":6,"column":2}},"3":{"start":{"line":5,"column":4},"end":{"line":5,"column":30}},"4":{"start":{"line":9,"column":0},"end":{"line":9,"column":24}}},"fnMap":{"0":{"name":"(anonymous_0)","decl":{"start":{"line":4,"column":16},"end":{"line":4,"column":17}},"loc":{"start":{"line":4,"column":29},"end":{"line":6,"column":1}},"line":4}},"branchMap":{},"s":{"0":2,"1":2,"2":2,"3":1,"4":2},"f":{"0":1},"b":{},"_coverageSchema":"1a1c01bbd47fc00a2c39e90264f33305004495a9","hash":"bb9b6e18a4ce2f3cf81f9dba51385afca821debe"}
,"/Users/toan/study/album-backend/routes/photos.js": {"path":"/Users/toan/study/album-backend/routes/photos.js","statementMap":{"0":{"start":{"line":1,"column":16},"end":{"line":1,"column":34}},"1":{"start":{"line":2,"column":15},"end":{"line":2,"column":31}},"2":{"start":{"line":3,"column":11},"end":{"line":3,"column":33}},"3":{"start":{"line":4,"column":14},"end":{"line":4,"column":41}},"4":{"start":{"line":5,"column":15},"end":{"line":5,"column":32}},"5":{"start":{"line":6,"column":12},"end":{"line":6,"column":30}},"6":{"start":{"line":7,"column":15},"end":{"line":7,"column":32}},"7":{"start":{"line":8,"column":15},"end":{"line":8,"column":23}},"8":{"start":{"line":9,"column":12},"end":{"line":9,"column":26}},"9":{"start":{"line":10,"column":16},"end":{"line":10,"column":34}},"10":{"start":{"line":12,"column":0},"end":{"line":12,"column":42}},"11":{"start":{"line":15,"column":0},"end":{"line":48,"column":2}},"12":{"start":{"line":16,"column":19},"end":{"line":18,"column":6}},"13":{"start":{"line":20,"column":20},"end":{"line":20,"column":45}},"14":{"start":{"line":22,"column":4},"end":{"line":22,"column":61}},"15":{"start":{"line":22,"column":15},"end":{"line":22,"column":61}},"16":{"start":{"line":24,"column":20},"end":{"line":24,"column":28}},"17":{"start":{"line":27,"column":15},"end":{"line":39,"column":6}},"18":{"start":{"line":28,"column":29},"end":{"line":28,"column":46}},"19":{"start":{"line":29,"column":31},"end":{"line":29,"column":81}},"20":{"start":{"line":30,"column":25},"end":{"line":30,"column":81}},"21":{"start":{"line":31,"column":25},"end":{"line":31,"column":69}},"22":{"start":{"line":32,"column":8},"end":{"line":32,"column":79}},"23":{"start":{"line":33,"column":8},"end":{"line":33,"column":66}},"24":{"start":{"line":34,"column":22},"end":{"line":34,"column":84}},"25":{"start":{"line":36,"column":23},"end":{"line":36,"column":43}},"26":{"start":{"line":38,"column":8},"end":{"line":38,"column":51}},"27":{"start":{"line":41,"column":4},"end":{"line":46,"column":6}},"28":{"start":{"line":42,"column":8},"end":{"line":45,"column":11}},"29":{"start":{"line":50,"column":0},"end":{"line":82,"column":2}},"30":{"start":{"line":51,"column":26},"end":{"line":51,"column":34}},"31":{"start":{"line":52,"column":19},"end":{"line":55,"column":6}},"32":{"start":{"line":57,"column":20},"end":{"line":57,"column":45}},"33":{"start":{"line":59,"column":4},"end":{"line":59,"column":61}},"34":{"start":{"line":59,"column":15},"end":{"line":59,"column":61}},"35":{"start":{"line":62,"column":18},"end":{"line":62,"column":40}},"36":{"start":{"line":64,"column":17},"end":{"line":64,"column":54}},"37":{"start":{"line":66,"column":4},"end":{"line":73,"column":6}},"38":{"start":{"line":67,"column":8},"end":{"line":72,"column":41}},"39":{"start":{"line":75,"column":4},"end":{"line":81,"column":7}},"40":{"start":{"line":84,"column":0},"end":{"line":100,"column":2}},"41":{"start":{"line":85,"column":30},"end":{"line":85,"column":40}},"42":{"start":{"line":86,"column":19},"end":{"line":89,"column":6}},"43":{"start":{"line":91,"column":18},"end":{"line":91,"column":59}},"44":{"start":{"line":93,"column":4},"end":{"line":98,"column":5}},"45":{"start":{"line":94,"column":8},"end":{"line":94,"column":41}},"46":{"start":{"line":97,"column":8},"end":{"line":97,"column":60}},"47":{"start":{"line":102,"column":0},"end":{"line":140,"column":2}},"48":{"start":{"line":103,"column":19},"end":{"line":103,"column":27}},"49":{"start":{"line":104,"column":19},"end":{"line":107,"column":7}},"50":{"start":{"line":109,"column":20},"end":{"line":109,"column":43}},"51":{"start":{"line":110,"column":4},"end":{"line":110,"column":61}},"52":{"start":{"line":110,"column":15},"end":{"line":110,"column":61}},"53":{"start":{"line":112,"column":24},"end":{"line":112,"column":26}},"54":{"start":{"line":113,"column":21},"end":{"line":113,"column":23}},"55":{"start":{"line":114,"column":4},"end":{"line":129,"column":5}},"56":{"start":{"line":115,"column":8},"end":{"line":115,"column":32}},"57":{"start":{"line":116,"column":8},"end":{"line":118,"column":11}},"58":{"start":{"line":117,"column":12},"end":{"line":117,"column":31}},"59":{"start":{"line":120,"column":8},"end":{"line":128,"column":9}},"60":{"start":{"line":121,"column":30},"end":{"line":121,"column":71}},"61":{"start":{"line":122,"column":16},"end":{"line":126,"column":17}},"62":{"start":{"line":123,"column":20},"end":{"line":123,"column":54}},"63":{"start":{"line":125,"column":20},"end":{"line":125,"column":42}},"64":{"start":{"line":127,"column":16},"end":{"line":127,"column":42}},"65":{"start":{"line":131,"column":4},"end":{"line":139,"column":6}},"66":{"start":{"line":133,"column":8},"end":{"line":138,"column":9}},"67":{"start":{"line":134,"column":12},"end":{"line":134,"column":74}},"68":{"start":{"line":137,"column":12},"end":{"line":137,"column":38}},"69":{"start":{"line":142,"column":0},"end":{"line":142,"column":24}}},"fnMap":{"0":{"name":"(anonymous_0)","decl":{"start":{"line":15,"column":44},"end":{"line":15,"column":45}},"loc":{"start":{"line":15,"column":70},"end":{"line":48,"column":1}},"line":15},"1":{"name":"(anonymous_1)","decl":{"start":{"line":27,"column":35},"end":{"line":27,"column":36}},"loc":{"start":{"line":27,"column":51},"end":{"line":39,"column":5}},"line":27},"2":{"name":"(anonymous_2)","decl":{"start":{"line":41,"column":27},"end":{"line":41,"column":28}},"loc":{"start":{"line":41,"column":40},"end":{"line":46,"column":5}},"line":41},"3":{"name":"(anonymous_3)","decl":{"start":{"line":50,"column":21},"end":{"line":50,"column":22}},"loc":{"start":{"line":50,"column":47},"end":{"line":82,"column":1}},"line":50},"4":{"name":"(anonymous_4)","decl":{"start":{"line":66,"column":30},"end":{"line":66,"column":31}},"loc":{"start":{"line":66,"column":41},"end":{"line":73,"column":5}},"line":66},"5":{"name":"(anonymous_5)","decl":{"start":{"line":84,"column":35},"end":{"line":84,"column":36}},"loc":{"start":{"line":84,"column":60},"end":{"line":100,"column":1}},"line":84},"6":{"name":"(anonymous_6)","decl":{"start":{"line":102,"column":19},"end":{"line":102,"column":20}},"loc":{"start":{"line":102,"column":45},"end":{"line":140,"column":1}},"line":102},"7":{"name":"(anonymous_7)","decl":{"start":{"line":116,"column":47},"end":{"line":116,"column":48}},"loc":{"start":{"line":116,"column":62},"end":{"line":118,"column":9}},"line":116},"8":{"name":"(anonymous_8)","decl":{"start":{"line":132,"column":10},"end":{"line":132,"column":11}},"loc":{"start":{"line":132,"column":23},"end":{"line":139,"column":5}},"line":132}},"branchMap":{"0":{"loc":{"start":{"line":22,"column":4},"end":{"line":22,"column":61}},"type":"if","locations":[{"start":{"line":22,"column":4},"end":{"line":22,"column":61}},{"start":{"line":22,"column":4},"end":{"line":22,"column":61}}],"line":22},"1":{"loc":{"start":{"line":59,"column":4},"end":{"line":59,"column":61}},"type":"if","locations":[{"start":{"line":59,"column":4},"end":{"line":59,"column":61}},{"start":{"line":59,"column":4},"end":{"line":59,"column":61}}],"line":59},"2":{"loc":{"start":{"line":93,"column":4},"end":{"line":98,"column":5}},"type":"if","locations":[{"start":{"line":93,"column":4},"end":{"line":98,"column":5}},{"start":{"line":93,"column":4},"end":{"line":98,"column":5}}],"line":93},"3":{"loc":{"start":{"line":110,"column":4},"end":{"line":110,"column":61}},"type":"if","locations":[{"start":{"line":110,"column":4},"end":{"line":110,"column":61}},{"start":{"line":110,"column":4},"end":{"line":110,"column":61}}],"line":110},"4":{"loc":{"start":{"line":122,"column":16},"end":{"line":126,"column":17}},"type":"if","locations":[{"start":{"line":122,"column":16},"end":{"line":126,"column":17}},{"start":{"line":122,"column":16},"end":{"line":126,"column":17}}],"line":122},"5":{"loc":{"start":{"line":133,"column":8},"end":{"line":138,"column":9}},"type":"if","locations":[{"start":{"line":133,"column":8},"end":{"line":138,"column":9}},{"start":{"line":133,"column":8},"end":{"line":138,"column":9}}],"line":133}},"s":{"0":2,"1":2,"2":2,"3":2,"4":2,"5":2,"6":2,"7":2,"8":2,"9":2,"10":2,"11":2,"12":15,"13":15,"14":15,"15":1,"16":14,"17":14,"18":21,"19":21,"20":21,"21":21,"22":21,"23":21,"24":21,"25":21,"26":21,"27":14,"28":14,"29":2,"30":2,"31":2,"32":2,"33":2,"34":1,"35":1,"36":1,"37":1,"38":5,"39":1,"40":2,"41":3,"42":3,"43":3,"44":3,"45":2,"46":1,"47":2,"48":6,"49":6,"50":6,"51":6,"52":2,"53":4,"54":4,"55":4,"56":4,"57":4,"58":8,"59":4,"60":8,"61":8,"62":6,"63":2,"64":8,"65":4,"66":4,"67":2,"68":2,"69":2},"f":{"0":15,"1":21,"2":14,"3":2,"4":5,"5":3,"6":6,"7":8,"8":4},"b":{"0":[1,14],"1":[1,1],"2":[2,1],"3":[2,4],"4":[6,2],"5":[2,2]},"_coverageSchema":"1a1c01bbd47fc00a2c39e90264f33305004495a9","hash":"96823055360f6f03a7bb0cf05c4d5c3cd4da91f4"}
,"/Users/toan/study/album-backend/startup/db.js": {"path":"/Users/toan/study/album-backend/startup/db.js","statementMap":{"0":{"start":{"line":1,"column":17},"end":{"line":1,"column":36}},"1":{"start":{"line":2,"column":15},"end":{"line":2,"column":32}},"2":{"start":{"line":3,"column":16},"end":{"line":3,"column":34}},"3":{"start":{"line":5,"column":0},"end":{"line":12,"column":1}},"4":{"start":{"line":6,"column":19},"end":{"line":6,"column":39}},"5":{"start":{"line":7,"column":4},"end":{"line":11,"column":69}},"6":{"start":{"line":9,"column":8},"end":{"line":9,"column":47}},"7":{"start":{"line":11,"column":18},"end":{"line":11,"column":67}}},"fnMap":{"0":{"name":"(anonymous_0)","decl":{"start":{"line":5,"column":17},"end":{"line":5,"column":18}},"loc":{"start":{"line":5,"column":29},"end":{"line":12,"column":1}},"line":5},"1":{"name":"(anonymous_1)","decl":{"start":{"line":8,"column":10},"end":{"line":8,"column":11}},"loc":{"start":{"line":8,"column":16},"end":{"line":10,"column":5}},"line":8},"2":{"name":"(anonymous_2)","decl":{"start":{"line":11,"column":11},"end":{"line":11,"column":12}},"loc":{"start":{"line":11,"column":18},"end":{"line":11,"column":67}},"line":11}},"branchMap":{},"s":{"0":4,"1":4,"2":4,"3":4,"4":4,"5":4,"6":2,"7":1},"f":{"0":4,"1":2,"2":1},"b":{},"_coverageSchema":"1a1c01bbd47fc00a2c39e90264f33305004495a9","hash":"3a88297d7168c8b9b86b2c53c1f87b623235b0ae"}
,"/Users/toan/study/album-backend/startup/log.js": {"path":"/Users/toan/study/album-backend/startup/log.js","statementMap":{"0":{"start":{"line":1,"column":16},"end":{"line":1,"column":34}},"1":{"start":{"line":3,"column":0},"end":{"line":5,"column":1}},"2":{"start":{"line":4,"column":4},"end":{"line":4,"column":72}}},"fnMap":{"0":{"name":"(anonymous_0)","decl":{"start":{"line":3,"column":17},"end":{"line":3,"column":18}},"loc":{"start":{"line":3,"column":23},"end":{"line":5,"column":1}},"line":3}},"branchMap":{},"s":{"0":4,"1":4,"2":5},"f":{"0":5},"b":{},"_coverageSchema":"1a1c01bbd47fc00a2c39e90264f33305004495a9","hash":"7e707ef1de3a6ab476ae1cd4ea4feaa1e98d48cb"}
,"/Users/toan/study/album-backend/startup/routes.js": {"path":"/Users/toan/study/album-backend/startup/routes.js","statementMap":{"0":{"start":{"line":1,"column":15},"end":{"line":1,"column":42}},"1":{"start":{"line":2,"column":15},"end":{"line":2,"column":42}},"2":{"start":{"line":4,"column":0},"end":{"line":7,"column":1}},"3":{"start":{"line":5,"column":4},"end":{"line":5,"column":31}},"4":{"start":{"line":6,"column":4},"end":{"line":6,"column":31}}},"fnMap":{"0":{"name":"(anonymous_0)","decl":{"start":{"line":4,"column":17},"end":{"line":4,"column":18}},"loc":{"start":{"line":4,"column":32},"end":{"line":7,"column":1}},"line":4}},"branchMap":{},"s":{"0":2,"1":2,"2":2,"3":2,"4":2},"f":{"0":2},"b":{},"_coverageSchema":"1a1c01bbd47fc00a2c39e90264f33305004495a9","hash":"29c295234ec876b02934658f3a4f71162bbb69eb"}
}
