{"/Users/toan/study/album-backend/index.js": {"path":"/Users/toan/study/album-backend/index.js","statementMap":{"0":{"start":{"line":1,"column":0},"end":{"line":1,"column":32}},"1":{"start":{"line":2,"column":16},"end":{"line":2,"column":34}},"2":{"start":{"line":3,"column":19},"end":{"line":3,"column":41}},"3":{"start":{"line":4,"column":13},"end":{"line":4,"column":28}},"4":{"start":{"line":5,"column":15},"end":{"line":5,"column":32}},"5":{"start":{"line":6,"column":14},"end":{"line":6,"column":43}},"6":{"start":{"line":8,"column":12},"end":{"line":8,"column":21}},"7":{"start":{"line":9,"column":0},"end":{"line":9,"column":27}},"8":{"start":{"line":13,"column":0},"end":{"line":13,"column":16}},"9":{"start":{"line":14,"column":0},"end":{"line":14,"column":27}},"10":{"start":{"line":15,"column":0},"end":{"line":15,"column":26}},"11":{"start":{"line":16,"column":0},"end":{"line":16,"column":33}},"12":{"start":{"line":18,"column":0},"end":{"line":18,"column":15}},"13":{"start":{"line":21,"column":13},"end":{"line":21,"column":37}},"14":{"start":{"line":22,"column":15},"end":{"line":22,"column":31}},"15":{"start":{"line":24,"column":0},"end":{"line":24,"column":24}}},"fnMap":{},"branchMap":{"0":{"loc":{"start":{"line":21,"column":13},"end":{"line":21,"column":37}},"type":"binary-expr","locations":[{"start":{"line":21,"column":13},"end":{"line":21,"column":29}},{"start":{"line":21,"column":33},"end":{"line":21,"column":37}}],"line":21}},"s":{"0":2,"1":2,"2":2,"3":2,"4":2,"5":2,"6":2,"7":2,"8":2,"9":2,"10":2,"11":2,"12":2,"13":2,"14":2,"15":2},"f":{},"b":{"0":[2,2]},"_coverageSchema":"1a1c01bbd47fc00a2c39e90264f33305004495a9","hash":"943ba4dbe31dce4c4258f99e7e4971226bc45039"}
,"/Users/toan/study/album-backend/middleware/error.js": {"path":"/Users/toan/study/album-backend/middleware/error.js","statementMap":{"0":{"start":{"line":1,"column":16},"end":{"line":1,"column":34}},"1":{"start":{"line":3,"column":0},"end":{"line":7,"column":1}},"2":{"start":{"line":4,"column":4},"end":{"line":4,"column":35}},"3":{"start":{"line":6,"column":4},"end":{"line":6,"column":50}}},"fnMap":{"0":{"name":"(anonymous_0)","decl":{"start":{"line":3,"column":17},"end":{"line":3,"column":18}},"loc":{"start":{"line":3,"column":48},"end":{"line":7,"column":1}},"line":3}},"branchMap":{},"s":{"0":2,"1":2,"2":0,"3":0},"f":{"0":0},"b":{},"_coverageSchema":"1a1c01bbd47fc00a2c39e90264f33305004495a9","hash":"ee8fc7e0e9dbf7b365f8e2ad48519f5f0f64c40b"}
,"/Users/toan/study/album-backend/models/photos.js": {"path":"/Users/toan/study/album-backend/models/photos.js","statementMap":{"0":{"start":{"line":1,"column":17},"end":{"line":1,"column":36}},"1":{"start":{"line":2,"column":12},"end":{"line":2,"column":26}},"2":{"start":{"line":5,"column":21},"end":{"line":25,"column":2}},"3":{"start":{"line":27,"column":14},"end":{"line":27,"column":50}},"4":{"start":{"line":30,"column":19},"end":{"line":34,"column":5}},"5":{"start":{"line":36,"column":4},"end":{"line":36,"column":39}},"6":{"start":{"line":39,"column":0},"end":{"line":42,"column":1}},"7":{"start":{"line":40,"column":18},"end":{"line":40,"column":79}},"8":{"start":{"line":41,"column":4},"end":{"line":41,"column":17}},"9":{"start":{"line":44,"column":0},"end":{"line":57,"column":1}},"10":{"start":{"line":45,"column":16},"end":{"line":49,"column":6}},"11":{"start":{"line":51,"column":4},"end":{"line":51,"column":31}},"12":{"start":{"line":52,"column":4},"end":{"line":56,"column":10}},"13":{"start":{"line":59,"column":0},"end":{"line":62,"column":1}},"14":{"start":{"line":60,"column":17},"end":{"line":60,"column":95}},"15":{"start":{"line":61,"column":4},"end":{"line":61,"column":18}},"16":{"start":{"line":64,"column":0},"end":{"line":66,"column":1}},"17":{"start":{"line":65,"column":4},"end":{"line":65,"column":47}},"18":{"start":{"line":68,"column":0},"end":{"line":75,"column":1}},"19":{"start":{"line":69,"column":16},"end":{"line":69,"column":31}},"20":{"start":{"line":70,"column":19},"end":{"line":70,"column":60}},"21":{"start":{"line":71,"column":16},"end":{"line":73,"column":21}},"22":{"start":{"line":74,"column":4},"end":{"line":74,"column":17}},"23":{"start":{"line":78,"column":0},"end":{"line":85,"column":1}},"24":{"start":{"line":79,"column":21},"end":{"line":79,"column":44}},"25":{"start":{"line":80,"column":4},"end":{"line":84,"column":5}},"26":{"start":{"line":81,"column":8},"end":{"line":81,"column":66}},"27":{"start":{"line":83,"column":8},"end":{"line":83,"column":28}},"28":{"start":{"line":87,"column":0},"end":{"line":87,"column":22}},"29":{"start":{"line":88,"column":0},"end":{"line":88,"column":33}},"30":{"start":{"line":89,"column":0},"end":{"line":89,"column":34}},"31":{"start":{"line":90,"column":0},"end":{"line":90,"column":34}},"32":{"start":{"line":91,"column":0},"end":{"line":91,"column":46}},"33":{"start":{"line":92,"column":0},"end":{"line":92,"column":38}},"34":{"start":{"line":93,"column":0},"end":{"line":93,"column":46}},"35":{"start":{"line":94,"column":0},"end":{"line":94,"column":40}}},"fnMap":{"0":{"name":"validatePhoto","decl":{"start":{"line":29,"column":9},"end":{"line":29,"column":22}},"loc":{"start":{"line":29,"column":30},"end":{"line":37,"column":1}},"line":29},"1":{"name":"(anonymous_1)","decl":{"start":{"line":39,"column":14},"end":{"line":39,"column":15}},"loc":{"start":{"line":39,"column":41},"end":{"line":42,"column":1}},"line":39},"2":{"name":"(anonymous_2)","decl":{"start":{"line":44,"column":14},"end":{"line":44,"column":15}},"loc":{"start":{"line":44,"column":43},"end":{"line":57,"column":1}},"line":44},"3":{"name":"(anonymous_3)","decl":{"start":{"line":59,"column":20},"end":{"line":59,"column":21}},"loc":{"start":{"line":59,"column":43},"end":{"line":62,"column":1}},"line":59},"4":{"name":"(anonymous_4)","decl":{"start":{"line":64,"column":16},"end":{"line":64,"column":17}},"loc":{"start":{"line":64,"column":28},"end":{"line":66,"column":1}},"line":64},"5":{"name":"(anonymous_5)","decl":{"start":{"line":68,"column":20},"end":{"line":68,"column":21}},"loc":{"start":{"line":68,"column":43},"end":{"line":75,"column":1}},"line":68},"6":{"name":"(anonymous_6)","decl":{"start":{"line":78,"column":17},"end":{"line":78,"column":18}},"loc":{"start":{"line":78,"column":57},"end":{"line":85,"column":1}},"line":78}},"branchMap":{"0":{"loc":{"start":{"line":80,"column":4},"end":{"line":84,"column":5}},"type":"if","locations":[{"start":{"line":80,"column":4},"end":{"line":84,"column":5}},{"start":{"line":80,"column":4},"end":{"line":84,"column":5}}],"line":80}},"s":{"0":2,"1":2,"2":2,"3":2,"4":0,"5":0,"6":2,"7":0,"8":0,"9":2,"10":0,"11":0,"12":0,"13":2,"14":0,"15":0,"16":2,"17":0,"18":2,"19":1,"20":1,"21":1,"22":0,"23":2,"24":0,"25":0,"26":0,"27":0,"28":2,"29":2,"30":2,"31":2,"32":2,"33":2,"34":2,"35":2},"f":{"0":0,"1":0,"2":0,"3":0,"4":0,"5":1,"6":0},"b":{"0":[0,0]},"_coverageSchema":"1a1c01bbd47fc00a2c39e90264f33305004495a9","hash":"f3fad0cdaa0384d6b83d3dd717fca5e1e3e52ffb"}
,"/Users/toan/study/album-backend/routes/health.js": {"path":"/Users/toan/study/album-backend/routes/health.js","statementMap":{"0":{"start":{"line":1,"column":16},"end":{"line":1,"column":34}},"1":{"start":{"line":2,"column":15},"end":{"line":2,"column":31}},"2":{"start":{"line":4,"column":0},"end":{"line":6,"column":2}},"3":{"start":{"line":5,"column":4},"end":{"line":5,"column":30}},"4":{"start":{"line":9,"column":0},"end":{"line":9,"column":24}}},"fnMap":{"0":{"name":"(anonymous_0)","decl":{"start":{"line":4,"column":16},"end":{"line":4,"column":17}},"loc":{"start":{"line":4,"column":29},"end":{"line":6,"column":1}},"line":4}},"branchMap":{},"s":{"0":2,"1":2,"2":2,"3":1,"4":2},"f":{"0":1},"b":{},"_coverageSchema":"1a1c01bbd47fc00a2c39e90264f33305004495a9","hash":"bb9b6e18a4ce2f3cf81f9dba51385afca821debe"}
,"/Users/toan/study/album-backend/routes/photos.js": {"path":"/Users/toan/study/album-backend/routes/photos.js","statementMap":{"0":{"start":{"line":1,"column":16},"end":{"line":1,"column":34}},"1":{"start":{"line":2,"column":15},"end":{"line":2,"column":31}},"2":{"start":{"line":3,"column":11},"end":{"line":3,"column":33}},"3":{"start":{"line":4,"column":104},"end":{"line":4,"column":131}},"4":{"start":{"line":5,"column":15},"end":{"line":5,"column":32}},"5":{"start":{"line":6,"column":12},"end":{"line":6,"column":30}},"6":{"start":{"line":7,"column":15},"end":{"line":7,"column":32}},"7":{"start":{"line":8,"column":15},"end":{"line":8,"column":23}},"8":{"start":{"line":9,"column":12},"end":{"line":9,"column":26}},"9":{"start":{"line":11,"column":0},"end":{"line":11,"column":42}},"10":{"start":{"line":13,"column":0},"end":{"line":15,"column":2}},"11":{"start":{"line":14,"column":4},"end":{"line":14,"column":23}},"12":{"start":{"line":17,"column":0},"end":{"line":45,"column":2}},"13":{"start":{"line":18,"column":19},"end":{"line":20,"column":6}},"14":{"start":{"line":22,"column":20},"end":{"line":22,"column":45}},"15":{"start":{"line":24,"column":4},"end":{"line":24,"column":61}},"16":{"start":{"line":24,"column":15},"end":{"line":24,"column":61}},"17":{"start":{"line":26,"column":20},"end":{"line":26,"column":28}},"18":{"start":{"line":29,"column":15},"end":{"line":36,"column":6}},"19":{"start":{"line":30,"column":29},"end":{"line":30,"column":46}},"20":{"start":{"line":31,"column":31},"end":{"line":31,"column":75}},"21":{"start":{"line":32,"column":25},"end":{"line":32,"column":75}},"22":{"start":{"line":33,"column":25},"end":{"line":33,"column":69}},"23":{"start":{"line":34,"column":8},"end":{"line":34,"column":66}},"24":{"start":{"line":35,"column":8},"end":{"line":35,"column":122}},"25":{"start":{"line":38,"column":4},"end":{"line":43,"column":6}},"26":{"start":{"line":39,"column":8},"end":{"line":42,"column":11}},"27":{"start":{"line":47,"column":0},"end":{"line":79,"column":2}},"28":{"start":{"line":48,"column":26},"end":{"line":48,"column":34}},"29":{"start":{"line":49,"column":19},"end":{"line":52,"column":6}},"30":{"start":{"line":54,"column":20},"end":{"line":54,"column":45}},"31":{"start":{"line":56,"column":4},"end":{"line":56,"column":61}},"32":{"start":{"line":56,"column":15},"end":{"line":56,"column":61}},"33":{"start":{"line":59,"column":18},"end":{"line":59,"column":39}},"34":{"start":{"line":61,"column":17},"end":{"line":61,"column":53}},"35":{"start":{"line":63,"column":4},"end":{"line":70,"column":6}},"36":{"start":{"line":64,"column":8},"end":{"line":69,"column":63}},"37":{"start":{"line":72,"column":4},"end":{"line":78,"column":7}},"38":{"start":{"line":81,"column":0},"end":{"line":97,"column":2}},"39":{"start":{"line":82,"column":30},"end":{"line":82,"column":40}},"40":{"start":{"line":83,"column":19},"end":{"line":86,"column":6}},"41":{"start":{"line":88,"column":18},"end":{"line":88,"column":52}},"42":{"start":{"line":90,"column":4},"end":{"line":95,"column":5}},"43":{"start":{"line":91,"column":8},"end":{"line":91,"column":41}},"44":{"start":{"line":94,"column":8},"end":{"line":94,"column":60}},"45":{"start":{"line":99,"column":0},"end":{"line":129,"column":2}},"46":{"start":{"line":100,"column":19},"end":{"line":100,"column":27}},"47":{"start":{"line":101,"column":19},"end":{"line":104,"column":7}},"48":{"start":{"line":106,"column":20},"end":{"line":106,"column":43}},"49":{"start":{"line":107,"column":4},"end":{"line":107,"column":61}},"50":{"start":{"line":107,"column":15},"end":{"line":107,"column":61}},"51":{"start":{"line":109,"column":24},"end":{"line":109,"column":26}},"52":{"start":{"line":111,"column":4},"end":{"line":122,"column":5}},"53":{"start":{"line":112,"column":8},"end":{"line":112,"column":32}},"54":{"start":{"line":113,"column":8},"end":{"line":113,"column":43}},"55":{"start":{"line":115,"column":8},"end":{"line":121,"column":9}},"56":{"start":{"line":116,"column":30},"end":{"line":116,"column":64}},"57":{"start":{"line":117,"column":16},"end":{"line":119,"column":17}},"58":{"start":{"line":118,"column":20},"end":{"line":118,"column":54}},"59":{"start":{"line":120,"column":16},"end":{"line":120,"column":42}},"60":{"start":{"line":124,"column":4},"end":{"line":128,"column":7}},"61":{"start":{"line":125,"column":8},"end":{"line":125,"column":34}},"62":{"start":{"line":127,"column":8},"end":{"line":127,"column":15}},"63":{"start":{"line":131,"column":0},"end":{"line":131,"column":24}}},"fnMap":{"0":{"name":"(anonymous_0)","decl":{"start":{"line":13,"column":16},"end":{"line":13,"column":17}},"loc":{"start":{"line":13,"column":30},"end":{"line":15,"column":1}},"line":13},"1":{"name":"(anonymous_1)","decl":{"start":{"line":17,"column":44},"end":{"line":17,"column":45}},"loc":{"start":{"line":17,"column":70},"end":{"line":45,"column":1}},"line":17},"2":{"name":"(anonymous_2)","decl":{"start":{"line":29,"column":35},"end":{"line":29,"column":36}},"loc":{"start":{"line":29,"column":51},"end":{"line":36,"column":5}},"line":29},"3":{"name":"(anonymous_3)","decl":{"start":{"line":38,"column":27},"end":{"line":38,"column":28}},"loc":{"start":{"line":38,"column":40},"end":{"line":43,"column":5}},"line":38},"4":{"name":"(anonymous_4)","decl":{"start":{"line":47,"column":21},"end":{"line":47,"column":22}},"loc":{"start":{"line":47,"column":47},"end":{"line":79,"column":1}},"line":47},"5":{"name":"(anonymous_5)","decl":{"start":{"line":63,"column":30},"end":{"line":63,"column":31}},"loc":{"start":{"line":63,"column":41},"end":{"line":70,"column":5}},"line":63},"6":{"name":"(anonymous_6)","decl":{"start":{"line":81,"column":35},"end":{"line":81,"column":36}},"loc":{"start":{"line":81,"column":60},"end":{"line":97,"column":1}},"line":81},"7":{"name":"(anonymous_7)","decl":{"start":{"line":99,"column":19},"end":{"line":99,"column":20}},"loc":{"start":{"line":99,"column":45},"end":{"line":129,"column":1}},"line":99},"8":{"name":"(anonymous_8)","decl":{"start":{"line":124,"column":36},"end":{"line":124,"column":37}},"loc":{"start":{"line":124,"column":49},"end":{"line":126,"column":5}},"line":124},"9":{"name":"(anonymous_9)","decl":{"start":{"line":126,"column":13},"end":{"line":126,"column":14}},"loc":{"start":{"line":126,"column":18},"end":{"line":128,"column":5}},"line":126}},"branchMap":{"0":{"loc":{"start":{"line":24,"column":4},"end":{"line":24,"column":61}},"type":"if","locations":[{"start":{"line":24,"column":4},"end":{"line":24,"column":61}},{"start":{"line":24,"column":4},"end":{"line":24,"column":61}}],"line":24},"1":{"loc":{"start":{"line":56,"column":4},"end":{"line":56,"column":61}},"type":"if","locations":[{"start":{"line":56,"column":4},"end":{"line":56,"column":61}},{"start":{"line":56,"column":4},"end":{"line":56,"column":61}}],"line":56},"2":{"loc":{"start":{"line":90,"column":4},"end":{"line":95,"column":5}},"type":"if","locations":[{"start":{"line":90,"column":4},"end":{"line":95,"column":5}},{"start":{"line":90,"column":4},"end":{"line":95,"column":5}}],"line":90},"3":{"loc":{"start":{"line":107,"column":4},"end":{"line":107,"column":61}},"type":"if","locations":[{"start":{"line":107,"column":4},"end":{"line":107,"column":61}},{"start":{"line":107,"column":4},"end":{"line":107,"column":61}}],"line":107},"4":{"loc":{"start":{"line":117,"column":16},"end":{"line":119,"column":17}},"type":"if","locations":[{"start":{"line":117,"column":16},"end":{"line":119,"column":17}},{"start":{"line":117,"column":16},"end":{"line":119,"column":17}}],"line":117}},"s":{"0":2,"1":2,"2":2,"3":2,"4":2,"5":2,"6":2,"7":2,"8":2,"9":2,"10":2,"11":0,"12":2,"13":2,"14":2,"15":2,"16":1,"17":1,"18":1,"19":1,"20":1,"21":0,"22":0,"23":0,"24":0,"25":1,"26":0,"27":2,"28":1,"29":1,"30":1,"31":1,"32":1,"33":0,"34":0,"35":0,"36":0,"37":0,"38":2,"39":0,"40":0,"41":0,"42":0,"43":0,"44":0,"45":2,"46":0,"47":0,"48":0,"49":0,"50":0,"51":0,"52":0,"53":0,"54":0,"55":0,"56":0,"57":0,"58":0,"59":0,"60":0,"61":0,"62":0,"63":2},"f":{"0":0,"1":2,"2":1,"3":0,"4":1,"5":0,"6":0,"7":0,"8":0,"9":0},"b":{"0":[1,1],"1":[1,0],"2":[0,0],"3":[0,0],"4":[0,0]},"_coverageSchema":"1a1c01bbd47fc00a2c39e90264f33305004495a9","hash":"c4c93e10af1d7f02a69b0c1d4b3aae1f666dd035"}
,"/Users/toan/study/album-backend/startup/db.js": {"path":"/Users/toan/study/album-backend/startup/db.js","statementMap":{"0":{"start":{"line":1,"column":17},"end":{"line":1,"column":36}},"1":{"start":{"line":2,"column":15},"end":{"line":2,"column":32}},"2":{"start":{"line":3,"column":16},"end":{"line":3,"column":34}},"3":{"start":{"line":5,"column":0},"end":{"line":12,"column":1}},"4":{"start":{"line":6,"column":19},"end":{"line":6,"column":39}},"5":{"start":{"line":7,"column":4},"end":{"line":11,"column":69}},"6":{"start":{"line":9,"column":8},"end":{"line":9,"column":47}},"7":{"start":{"line":11,"column":18},"end":{"line":11,"column":67}}},"fnMap":{"0":{"name":"(anonymous_0)","decl":{"start":{"line":5,"column":17},"end":{"line":5,"column":18}},"loc":{"start":{"line":5,"column":23},"end":{"line":12,"column":1}},"line":5},"1":{"name":"(anonymous_1)","decl":{"start":{"line":8,"column":10},"end":{"line":8,"column":11}},"loc":{"start":{"line":8,"column":16},"end":{"line":10,"column":5}},"line":8},"2":{"name":"(anonymous_2)","decl":{"start":{"line":11,"column":11},"end":{"line":11,"column":12}},"loc":{"start":{"line":11,"column":18},"end":{"line":11,"column":67}},"line":11}},"branchMap":{},"s":{"0":2,"1":2,"2":2,"3":2,"4":2,"5":2,"6":0,"7":0},"f":{"0":2,"1":0,"2":0},"b":{},"_coverageSchema":"1a1c01bbd47fc00a2c39e90264f33305004495a9","hash":"bcff7b24d55abb2daed75b82e004e06f51f52dbb"}
,"/Users/toan/study/album-backend/startup/log.js": {"path":"/Users/toan/study/album-backend/startup/log.js","statementMap":{"0":{"start":{"line":1,"column":16},"end":{"line":1,"column":34}},"1":{"start":{"line":3,"column":0},"end":{"line":5,"column":1}},"2":{"start":{"line":4,"column":4},"end":{"line":4,"column":72}}},"fnMap":{"0":{"name":"(anonymous_0)","decl":{"start":{"line":3,"column":17},"end":{"line":3,"column":18}},"loc":{"start":{"line":3,"column":23},"end":{"line":5,"column":1}},"line":3}},"branchMap":{},"s":{"0":2,"1":2,"2":2},"f":{"0":2},"b":{},"_coverageSchema":"1a1c01bbd47fc00a2c39e90264f33305004495a9","hash":"7e707ef1de3a6ab476ae1cd4ea4feaa1e98d48cb"}
,"/Users/toan/study/album-backend/startup/routes.js": {"path":"/Users/toan/study/album-backend/startup/routes.js","statementMap":{"0":{"start":{"line":1,"column":15},"end":{"line":1,"column":42}},"1":{"start":{"line":2,"column":15},"end":{"line":2,"column":42}},"2":{"start":{"line":4,"column":0},"end":{"line":7,"column":1}},"3":{"start":{"line":5,"column":4},"end":{"line":5,"column":31}},"4":{"start":{"line":6,"column":4},"end":{"line":6,"column":31}}},"fnMap":{"0":{"name":"(anonymous_0)","decl":{"start":{"line":4,"column":17},"end":{"line":4,"column":18}},"loc":{"start":{"line":4,"column":32},"end":{"line":7,"column":1}},"line":4}},"branchMap":{},"s":{"0":2,"1":2,"2":2,"3":2,"4":2},"f":{"0":2},"b":{},"_coverageSchema":"1a1c01bbd47fc00a2c39e90264f33305004495a9","hash":"29c295234ec876b02934658f3a4f71162bbb69eb"}
}
