TN:
SF:index.js
FNF:0
FNH:0
DA:1,2
DA:2,2
DA:3,2
DA:4,2
DA:5,2
DA:6,2
DA:8,2
DA:9,2
DA:13,2
DA:14,2
DA:15,2
DA:16,2
DA:18,2
DA:21,2
DA:22,2
DA:24,2
LF:16
LH:16
BRDA:21,0,0,2
BRDA:21,0,1,2
BRF:2
BRH:2
end_of_record
TN:
SF:middleware/error.js
FN:3,(anonymous_0)
FNF:1
FNH:0
FNDA:0,(anonymous_0)
DA:1,2
DA:3,2
DA:4,0
DA:6,0
LF:4
LH:2
BRF:0
BRH:0
end_of_record
TN:
SF:models/photos.js
FN:29,validatePhoto
FN:39,(anonymous_1)
FN:44,(anonymous_2)
FN:59,(anonymous_3)
FN:64,(anonymous_4)
FN:68,(anonymous_5)
FN:78,(anonymous_6)
FNF:7
FNH:6
FNDA:0,validatePhoto
FNDA:4,(anonymous_1)
FNDA:6,(anonymous_2)
FNDA:1,(anonymous_3)
FNDA:1,(anonymous_4)
FNDA:6,(anonymous_5)
FNDA:6,(anonymous_6)
DA:1,2
DA:2,2
DA:5,2
DA:27,2
DA:30,0
DA:36,0
DA:39,2
DA:40,4
DA:41,4
DA:44,2
DA:45,6
DA:51,6
DA:52,6
DA:59,2
DA:60,1
DA:61,1
DA:64,2
DA:65,1
DA:68,2
DA:69,6
DA:70,6
DA:71,6
DA:74,6
DA:78,2
DA:79,6
DA:80,6
DA:81,0
DA:83,6
DA:87,2
DA:88,2
DA:89,2
DA:90,2
DA:91,2
DA:92,2
DA:93,2
DA:94,2
LF:36
LH:33
BRDA:80,0,0,0
BRDA:80,0,1,6
BRF:2
BRH:1
end_of_record
TN:
SF:routes/health.js
FN:4,(anonymous_0)
FNF:1
FNH:1
FNDA:1,(anonymous_0)
DA:1,2
DA:2,2
DA:4,2
DA:5,1
DA:9,2
LF:5
LH:5
BRF:0
BRH:0
end_of_record
TN:
SF:routes/photos.js
FN:15,(anonymous_0)
FN:27,(anonymous_1)
FN:36,(anonymous_2)
FN:45,(anonymous_3)
FN:61,(anonymous_4)
FN:79,(anonymous_5)
FN:97,(anonymous_6)
FN:111,(anonymous_7)
FN:124,(anonymous_8)
FN:126,(anonymous_9)
FNF:10
FNH:9
FNDA:4,(anonymous_0)
FNDA:6,(anonymous_1)
FNDA:4,(anonymous_2)
FNDA:2,(anonymous_3)
FNDA:5,(anonymous_4)
FNDA:2,(anonymous_5)
FNDA:1,(anonymous_6)
FNDA:2,(anonymous_7)
FNDA:1,(anonymous_8)
FNDA:0,(anonymous_9)
DA:1,2
DA:2,2
DA:3,2
DA:4,2
DA:5,2
DA:6,2
DA:7,2
DA:8,2
DA:9,2
DA:10,2
DA:12,2
DA:15,2
DA:16,4
DA:20,4
DA:22,4
DA:24,4
DA:27,4
DA:28,6
DA:29,6
DA:30,6
DA:31,6
DA:32,6
DA:33,6
DA:36,4
DA:37,4
DA:45,2
DA:46,2
DA:47,2
DA:52,2
DA:54,2
DA:57,1
DA:59,1
DA:61,1
DA:62,5
DA:70,1
DA:79,2
DA:80,2
DA:81,2
DA:86,2
DA:88,2
DA:89,1
DA:92,1
DA:97,2
DA:98,1
DA:99,1
DA:104,1
DA:105,1
DA:107,1
DA:109,1
DA:110,1
DA:111,1
DA:112,2
DA:115,1
DA:116,2
DA:117,2
DA:118,2
DA:120,2
DA:124,1
DA:125,1
DA:127,0
DA:131,2
LF:61
LH:60
BRDA:22,0,0,0
BRDA:22,0,1,4
BRDA:54,1,0,1
BRDA:54,1,1,1
BRDA:88,2,0,1
BRDA:88,2,1,1
BRDA:105,3,0,0
BRDA:105,3,1,1
BRDA:117,4,0,2
BRDA:117,4,1,0
BRF:10
BRH:7
end_of_record
TN:
SF:startup/db.js
FN:5,(anonymous_0)
FN:8,(anonymous_1)
FN:11,(anonymous_2)
FNF:3
FNH:2
FNDA:2,(anonymous_0)
FNDA:1,(anonymous_1)
FNDA:0,(anonymous_2)
DA:1,2
DA:2,2
DA:3,2
DA:5,2
DA:6,2
DA:7,2
DA:9,1
DA:11,0
LF:8
LH:7
BRF:0
BRH:0
end_of_record
TN:
SF:startup/log.js
FN:3,(anonymous_0)
FNF:1
FNH:1
FNDA:2,(anonymous_0)
DA:1,2
DA:3,2
DA:4,2
LF:3
LH:3
BRF:0
BRH:0
end_of_record
TN:
SF:startup/routes.js
FN:4,(anonymous_0)
FNF:1
FNH:1
FNDA:2,(anonymous_0)
DA:1,2
DA:2,2
DA:4,2
DA:5,2
DA:6,2
LF:5
LH:5
BRF:0
BRH:0
end_of_record
