TN:
SF:index.js
FNF:0
FNH:0
DA:1,2
DA:2,2
DA:3,2
DA:4,2
DA:5,2
DA:6,2
DA:8,2
DA:9,2
DA:13,2
DA:14,2
DA:15,2
DA:16,2
DA:18,2
DA:21,2
DA:22,2
DA:24,2
LF:16
LH:16
BRDA:21,0,0,2
BRDA:21,0,1,2
BRF:2
BRH:2
end_of_record
TN:
SF:middleware/error.js
FN:3,(anonymous_0)
FNF:1
FNH:0
FNDA:0,(anonymous_0)
DA:1,2
DA:3,2
DA:4,0
DA:6,0
LF:4
LH:2
BRF:0
BRH:0
end_of_record
TN:
SF:models/photos.js
FN:27,(anonymous_0)
FN:31,(anonymous_1)
FN:40,(anonymous_2)
FN:44,(anonymous_3)
FN:48,(anonymous_4)
FN:52,(anonymous_5)
FN:60,(anonymous_6)
FNF:7
FNH:7
FNDA:8,(anonymous_0)
FNDA:16,(anonymous_1)
FNDA:1,(anonymous_2)
FNDA:20,(anonymous_3)
FNDA:1,(anonymous_4)
FNDA:15,(anonymous_5)
FNDA:17,(anonymous_6)
DA:1,4
DA:2,4
DA:4,4
DA:28,8
DA:32,16
DA:33,16
DA:41,1
DA:45,20
DA:49,1
DA:53,15
DA:54,15
DA:55,15
DA:61,17
DA:62,17
DA:63,1
DA:65,16
DA:70,4
DA:72,4
DA:74,4
LF:19
LH:19
BRDA:62,0,0,1
BRDA:62,0,1,16
BRF:2
BRH:2
end_of_record
TN:
SF:routes/health.js
FN:4,(anonymous_0)
FNF:1
FNH:1
FNDA:1,(anonymous_0)
DA:1,2
DA:2,2
DA:4,2
DA:5,1
DA:9,2
LF:5
LH:5
BRF:0
BRH:0
end_of_record
TN:
SF:routes/photos.js
FN:15,(anonymous_0)
FN:27,(anonymous_1)
FN:41,(anonymous_2)
FN:50,(anonymous_3)
FN:66,(anonymous_4)
FN:84,(anonymous_5)
FN:102,(anonymous_6)
FN:116,(anonymous_7)
FN:132,(anonymous_8)
FNF:9
FNH:9
FNDA:10,(anonymous_0)
FNDA:15,(anonymous_1)
FNDA:9,(anonymous_2)
FNDA:2,(anonymous_3)
FNDA:5,(anonymous_4)
FNDA:2,(anonymous_5)
FNDA:5,(anonymous_6)
FNDA:6,(anonymous_7)
FNDA:3,(anonymous_8)
DA:1,2
DA:2,2
DA:3,2
DA:4,2
DA:5,2
DA:6,2
DA:7,2
DA:8,2
DA:9,2
DA:10,2
DA:12,2
DA:15,2
DA:16,10
DA:20,10
DA:22,10
DA:24,9
DA:27,9
DA:28,15
DA:29,15
DA:30,15
DA:31,15
DA:32,15
DA:33,15
DA:34,15
DA:36,15
DA:38,15
DA:41,9
DA:42,9
DA:50,2
DA:51,2
DA:52,2
DA:57,2
DA:59,2
DA:62,1
DA:64,1
DA:66,1
DA:67,5
DA:75,1
DA:84,2
DA:85,2
DA:86,2
DA:91,2
DA:93,2
DA:94,1
DA:97,1
DA:102,2
DA:103,5
DA:104,5
DA:109,5
DA:110,5
DA:112,3
DA:113,3
DA:114,3
DA:115,3
DA:116,3
DA:117,6
DA:120,3
DA:121,6
DA:122,6
DA:123,4
DA:125,2
DA:127,6
DA:131,3
DA:133,3
DA:134,2
DA:137,1
DA:142,2
LF:67
LH:67
BRDA:22,0,0,1
BRDA:22,0,1,9
BRDA:59,1,0,1
BRDA:59,1,1,1
BRDA:93,2,0,1
BRDA:93,2,1,1
BRDA:110,3,0,2
BRDA:110,3,1,3
BRDA:122,4,0,4
BRDA:122,4,1,2
BRDA:133,5,0,2
BRDA:133,5,1,1
BRF:12
BRH:12
end_of_record
TN:
SF:startup/db.js
FN:5,(anonymous_0)
FN:8,(anonymous_1)
FN:11,(anonymous_2)
FNF:3
FNH:3
FNDA:4,(anonymous_0)
FNDA:2,(anonymous_1)
FNDA:1,(anonymous_2)
DA:1,4
DA:2,4
DA:3,4
DA:5,4
DA:6,4
DA:7,4
DA:9,2
DA:11,1
LF:8
LH:8
BRF:0
BRH:0
end_of_record
TN:
SF:startup/log.js
FN:3,(anonymous_0)
FNF:1
FNH:1
FNDA:3,(anonymous_0)
DA:1,3
DA:3,3
DA:4,3
LF:3
LH:3
BRF:0
BRH:0
end_of_record
TN:
SF:startup/routes.js
FN:4,(anonymous_0)
FNF:1
FNH:1
FNDA:2,(anonymous_0)
DA:1,2
DA:2,2
DA:4,2
DA:5,2
DA:6,2
LF:5
LH:5
BRF:0
BRH:0
end_of_record
